lr: 1
r2: 0.11623494396931433
lr: 0.99
r2: 0.12957839252047787
lr: 0.98
r2: 0.1348920670895386
lr: 0.96
r2: 0.1367568704592942
lr: 0.89
r2: 0.1377054822158449
lr: 0.98
r2: 0.1400787419511108
lr: 0.91
r2: 0.14109770090797735
lr: 0.8
r2: 0.14155817035802387
lr: 0.89
r2: 0.1420778696187539
lr: 0.86
r2: 0.1425767523859185
lr: 0.91
r2: 0.1432790085179826
lr: 0.9500000000000001
r2: 0.14415773921771768
lr: 0.75
r2: 0.14460475036416687
lr: 0.92
r2: 0.1453210004434511
lr: 0.93
r2: 0.14599520970071156
lr: 0.7000000000000001
r2: 0.14614797901799437
lr: 0.92
r2: 0.1465145642203869
lr: 0.93
r2: 0.14689430533743486
lr: 0.6
r2: 0.14712521962789848
lr: 0.78
r2: 0.1473875211433605
lr: 0.88
r2: 0.14758215130577934
lr: 0.6900000000000001
r2: 0.1477686743476555
lr: 0.74
r2: 0.14792104365598635
lr: 0.74
r2: 0.14808958355387225
lr: 0.45
r2: 0.148175535115582
lr: 0.71
r2: 0.14834544165927266
lr: 0.62
r2: 0.1485115890051485
lr: 0.6
r2: 0.14861046274286238
lr: 0.8300000000000001
r2: 0.14883154956532785
lr: 0.81
r2: 0.1490264849734223
lr: 0.58
r2: 0.1492612861026641
lr: 0.72
r2: 0.14936421711436787
lr: 0.63
r2: 0.14949688610722223
lr: 0.53
r2: 0.14956637599564915
lr: 0.7000000000000001
r2: 0.14966282676164622
lr: 0.84
r2: 0.14988161340484407
lr: 0.49
r2: 0.14994879616621792
lr: 0.19
r2: 0.1499767496080573
lr: 0.1
r2: 0.14998690960593186
lr: 0.6
r2: 0.1500267061621665
lr: 0.15
r2: 0.15004856541301514
