lr: 1
r2: 0.10391155365060922
lr: 0.97
r2: 0.12067993372048846
lr: 0.99
r2: 0.1255233621950148
lr: 1
r2: 0.1285461392497821
lr: 0.99
r2: 0.13132063511291125
lr: 0.98
r2: 0.13327854190621335
lr: 0.98
r2: 0.1359212218320669
lr: 0.97
r2: 0.1370614910919864
lr: 0.89
r2: 0.13770112105548193
lr: 0.87
r2: 0.13828882686497423
lr: 0.99
r2: 0.13960537055436473
lr: 0.88
r2: 0.14013564874632656
lr: 1
r2: 0.14191784899380888
lr: 0.9400000000000001
r2: 0.14251430880257376
lr: 0.89
r2: 0.14287052271626488
lr: 0.79
r2: 0.1430365422915283
lr: 0.98
r2: 0.14348288696886735
lr: 0.9500000000000001
r2: 0.14393579024458658
lr: 0.89
r2: 0.14430750629284383
lr: 0.98
r2: 0.14474501737166434
lr: 0.8300000000000001
r2: 0.14498318117939546
lr: 0.89
r2: 0.14525402405786714
lr: 0.8
r2: 0.14537780109340748
lr: 0.93
r2: 0.14565255313891667
lr: 0.86
r2: 0.14589858331521954
lr: 0.02
r2: 0.14589952927956673
lr: 0.78
r2: 0.14605344811689736
lr: 0.92
r2: 0.14630100238554178
lr: 0.85
r2: 0.14641824164780493
lr: 0.96
r2: 0.14677681133948794
lr: 0.88
r2: 0.14698439037053557
lr: 0.96
r2: 0.14723484100967987
lr: 0.73
r2: 0.14735747477223637
lr: 0.85
r2: 0.1474551445877169
lr: 0.68
r2: 0.14754320977956192
lr: 0.71
r2: 0.1476264015529729
lr: 0.89
r2: 0.14784128896421656
lr: 0.8
r2: 0.14799119437511865
lr: 0.68
r2: 0.14804355303612138
lr: 0.68
r2: 0.14811743557672052
lr: 0.87
r2: 0.14821420225716542
lr: 0.65
r2: 0.14826829635410588
lr: 0.9500000000000001
r2: 0.14841884869300592
lr: 0.81
r2: 0.1485009429555001
lr: 0.85
r2: 0.14868939819741056
lr: 0.91
r2: 0.14884681193016036
lr: 0.79
r2: 0.14892088458137986
lr: 0.79
r2: 0.14900762299995396
lr: 0.77
r2: 0.14909488098089918
lr: 0.85
r2: 0.149215373276104
lr: 0.77
r2: 0.14936987232749288
lr: 0.86
r2: 0.1494740804577943
lr: 0.44
r2: 0.14951977690048257
lr: 0.64
r2: 0.14956913009780948
lr: 0.9400000000000001
r2: 0.1497159012507967
lr: 0.77
r2: 0.1497976356361449
lr: 0.62
r2: 0.14986291438366606
lr: 0.98
r2: 0.15005110085698237
lr: 0.5
r2: 0.15009947558263592
lr: 0.78
r2: 0.15018788019031537
lr: 0.28
r2: 0.15021179471279644
lr: 0.33
r2: 0.15024447768305405
lr: 0.84
r2: 0.15035761047376095
lr: 0.68
r2: 0.1504207936357591
lr: 0.6900000000000001
r2: 0.1504866583592518
lr: 0.45
r2: 0.15051353151216873
lr: 0.45
r2: 0.15052995731229002
lr: 0.39
r2: 0.150539135274946
lr: 0.37
r2: 0.150566626985008
lr: 0.58
r2: 0.15062126053350056
lr: 0.66
r2: 0.15067706257514057
lr: 0.5700000000000001
r2: 0.15070859328618047
lr: 0.7000000000000001
r2: 0.15073627410042656
lr: 0.78
r2: 0.15079388269753768
lr: 0.75
r2: 0.15083638525787768
lr: 0.61
r2: 0.15094200423794557
lr: 0.71
r2: 0.15099201799474204
lr: 0.27
r2: 0.15103857855495528
lr: 0.48
r2: 0.15105195680805905
lr: 0.39
r2: 0.1510648025836533
lr: 0.33
r2: 0.15108780827675128
lr: 0.47000000000000003
r2: 0.15110427334354837
lr: 0.93
r2: 0.15121108133572125
lr: 0.75
r2: 0.15126284842281768
lr: 0.53
r2: 0.15129344567578829
lr: 0.86
r2: 0.15136658797469038
lr: 0.3
r2: 0.15137111426233896
lr: 0.35000000000000003
r2: 0.15138066984425125
lr: 0.44
r2: 0.15141028135960866
lr: 0.65
r2: 0.15144644314610833
lr: 0.72
r2: 0.15152687535017106
lr: 0.42
r2: 0.15153655729903914
lr: 0.02
r2: 0.15153726886599683
lr: 0.56
r2: 0.15156748186338065
lr: 0.74
r2: 0.15162471036848213
lr: 0.88
r2: 0.1518278526182678
lr: 0.79
r2: 0.15191165822658703
lr: 0.05
r2: 0.15191374102088095
lr: 0.77
r2: 0.15198633700594477
lr: 0.45
r2: 0.15199943131530225
lr: 0.04
r2: 0.15200011194053065
lr: 0.65
r2: 0.15203804035033908
lr: 0.65
r2: 0.1520697137047885
lr: 0.04
r2: 0.15207094733823778
lr: 0.46
r2: 0.15208747170605108
lr: 0.71
r2: 0.1521292820901542
lr: 0.61
r2: 0.15216493494286998
lr: 0.66
r2: 0.15220372383302172
lr: 0.58
r2: 0.15223352782963628
lr: 0.51
r2: 0.1522581289697359
lr: 0.62
r2: 0.15229329937560598
lr: 0.52
r2: 0.15231366989268558
lr: 0.67
r2: 0.15234927710230195
lr: 0.42
r2: 0.15237000773733822
lr: 0.43
r2: 0.1523871645336632
lr: 0.22
r2: 0.15239213830781284
lr: 0.35000000000000003
r2: 0.15240354626369945
lr: 0.6
r2: 0.15243663429884102
lr: 0.27
r2: 0.15244855228961396
lr: 0.4
r2: 0.1524605475913876
lr: 0.7000000000000001
r2: 0.15252121160276
lr: 0.88
r2: 0.15258370557550904
lr: 0.07
r2: 0.15258504609715284
lr: 0.44
r2: 0.15259669561281186
lr: 0.39
r2: 0.15261238804115573
lr: 0.13
r2: 0.1526213709981783
lr: 0.5
r2: 0.15263851572741605
lr: 0.42
r2: 0.15265583622977863
lr: 0.58
r2: 0.15268253056631043
lr: 0.17
r2: 0.1526903155701499
lr: 0.45
r2: 0.15270635185053905
lr: 0.45
r2: 0.15272332292280744
lr: 0.01
r2: 0.1527233656935879
lr: 0.17
r2: 0.15272851967875734
lr: 0.18
r2: 0.15273236156161363
lr: 0.39
r2: 0.1527439092759717
lr: 0.42
r2: 0.15276170735372974
lr: 0.36
r2: 0.15276982534824424
lr: 0.62
r2: 0.15279427011969926
lr: 0.44
r2: 0.1528071381823075
lr: 0.34
r2: 0.15281911844072804
lr: 0.33
r2: 0.15282575501649376
lr: 0.27
r2: 0.15283417163404445
lr: 0.58
r2: 0.15287525039254735
lr: 0.26
r2: 0.1528800463258384
lr: 0.25
r2: 0.15289028501309598
lr: 0.24
r2: 0.15291807731353557
lr: 0.36
r2: 0.15292485088779428
lr: 0.3
r2: 0.1529338010875576
lr: 0
r2: 0.1529338010875576
lr: 0.42
r2: 0.15294820194186398
lr: 0.04
r2: 0.15294875118019358
lr: 0.47000000000000003
r2: 0.1529588404513712
lr: 0.1
r2: 0.1529590588602847
lr: 0.5700000000000001
r2: 0.1529819924444935
lr: 0.44
r2: 0.15299404300729513
lr: 0.54
r2: 0.15301569201317733
lr: 0.18
r2: 0.15301753003739016
lr: 0.61
r2: 0.15305177202610398
lr: 0.54
r2: 0.15308513609481023
lr: 0.4
r2: 0.1530949040291636
lr: 0.29
r2: 0.15310264382295147
lr: 0.35000000000000003
r2: 0.1531109493076327
lr: 0.71
r2: 0.15316190750902403
lr: 0.45
r2: 0.1531908376835729
lr: 0.43
r2: 0.1532032789287614
lr: 0.35000000000000003
r2: 0.153218978484571
lr: 0
r2: 0.153218978484571
lr: 0.29
r2: 0.15323640983703957
lr: 0.34
r2: 0.15324935480600133
lr: 0.47000000000000003
r2: 0.1532620702733538
lr: 0.25
r2: 0.15326639998237912
lr: 0.22
r2: 0.15327554484610229
lr: 0.35000000000000003
r2: 0.15328648030430692
lr: 0.3
r2: 0.153289712082886
lr: 0.36
r2: 0.15329732808883612
lr: 0.02
r2: 0.1532975067304453
lr: 0.51
r2: 0.15331954615827093
lr: 0.5
r2: 0.15333579748172976
lr: 0.35000000000000003
r2: 0.15334354753788926
lr: 0.41000000000000003
r2: 0.15336138056388915
lr: 0.29
r2: 0.15336549212567452
lr: 0.03
r2: 0.15336561900186685
lr: 0.35000000000000003
r2: 0.15337284885577263
lr: 0.28
r2: 0.15337764273898258
lr: 0.44
r2: 0.1533879060835096
lr: 0
r2: 0.1533879060835096
lr: 0.6
r2: 0.15341454105242203
lr: 0.36
r2: 0.15342425643628477
lr: 0.81
r2: 0.1534738593399636
lr: 0.09
r2: 0.15347626887274513
lr: 0.41000000000000003
r2: 0.15348874862148543
lr: 0.15
r2: 0.15348999584741962
lr: 0.21
r2: 0.15349676785420552
lr: 0.22
r2: 0.1535004472732313
lr: 0.26
r2: 0.15350696314896528
lr: 0.21
r2: 0.1535152561023435
lr: 0.4
r2: 0.15352869666490299
lr: 0.64
r2: 0.15355087747976537
lr: 0.36
r2: 0.1535602193386154
lr: 0.48
r2: 0.1535724389115215
lr: 0.05
r2: 0.15357336092604856
lr: 0.67
r2: 0.15359676996376959
lr: 0.31
r2: 0.15360307424690056
lr: 0.38
r2: 0.15361276349308728
lr: 0.35000000000000003
r2: 0.15362210874972426
lr: 0.41000000000000003
r2: 0.15363615905724493
lr: 0.01
r2: 0.15363619034300768
lr: 0.32
r2: 0.15364123034643606
lr: 0.28
r2: 0.15364531999034525
lr: 0.18
r2: 0.1536481566705724
lr: 0.35000000000000003
r2: 0.1536573299313727
lr: 0.19
r2: 0.1536610843522278
lr: 0.18
r2: 0.1536632133222422
lr: 0.48
r2: 0.15367306206135323
lr: 0.1
r2: 0.15367417306341946
lr: 0.28
r2: 0.1536786641522785
lr: 0.29
r2: 0.1536841043658006
lr: 0.4
r2: 0.15369052246691772
lr: 0.41000000000000003
r2: 0.15370009799613027
lr: 0.34
r2: 0.15370707694068197
lr: 0.35000000000000003
r2: 0.1537172483244167
lr: 0.06
r2: 0.1537181292830455
lr: 0.37
r2: 0.15372623137973485
lr: 0.64
r2: 0.15374431901270125
lr: 0.26
r2: 0.15374978558253483
lr: 0.26
r2: 0.1537600922300404
lr: 0.36
r2: 0.1537676827894049
lr: 0.26
r2: 0.15377365940645615
lr: 0.36
r2: 0.15378870344649198
lr: 0.29
r2: 0.15379421693353224
lr: 0.13
r2: 0.15379472286537066
lr: 0.21
r2: 0.15379737597132992
lr: 0.15
r2: 0.15379911401640378
lr: 0.21
r2: 0.15380109110286866
lr: 0.03
r2: 0.15380136499349273
lr: 0.24
r2: 0.15381120008584892
lr: 0.61
r2: 0.1538334568352755
lr: 0.38
r2: 0.15385155498035563
lr: 0.28
r2: 0.15385569273858812
lr: 0.17
r2: 0.15385818820095276
lr: 0.39
r2: 0.15387372241390274
lr: 0.15
r2: 0.15387559534508788
lr: 0.53
r2: 0.1538924982593598
lr: 0.22
r2: 0.15389555666034294
lr: 0.15
r2: 0.15389761694945958
lr: 0.27
r2: 0.15390313891077367
lr: 0.05
r2: 0.1539038866590008
lr: 0.36
r2: 0.1539083008501979
lr: 0.37
r2: 0.1539135892164517
lr: 0.3
r2: 0.15391818048673245
lr: 0.86
r2: 0.15399271171571483
lr: 0.63
r2: 0.1540216102380022
lr: 0.14
r2: 0.15402372573028322
lr: 0.16
r2: 0.15402957892428715
lr: 0.5
r2: 0.15404504880258008
lr: 0.38
r2: 0.15405047667719518
lr: 0.19
r2: 0.15405291762687334
lr: 0.23
r2: 0.15405786061236548
lr: 0.25
r2: 0.1540631907233614
lr: 0.46
r2: 0.15407688837772937
lr: 0.4
r2: 0.15408618579137578
lr: 0.33
r2: 0.15409222070147344
lr: 0.47000000000000003
r2: 0.15411314718791758
lr: 0.22
r2: 0.154117908990818
lr: 0.35000000000000003
r2: 0.1541322470614197
lr: 0.36
r2: 0.15414064342141376
lr: 0.21
r2: 0.15414298362857448
lr: 0
r2: 0.15414298362857448
lr: 0.47000000000000003
r2: 0.15415211350478064
lr: 0.25
r2: 0.15415652740669028
lr: 0.48
r2: 0.15416952851483368
lr: 0.68
r2: 0.15421116085198394
lr: 0
r2: 0.15421116085198394
lr: 0
r2: 0.15421116085198394
lr: 0.02
r2: 0.15421122979467916
lr: 0.34
r2: 0.1542167629826401
lr: 0.49
r2: 0.15422874587373092
lr: 0.22
r2: 0.1542321662884789
lr: 0
r2: 0.1542321662884789
lr: 0.29
r2: 0.15423736459776882
lr: 0.28
r2: 0.15424258293650372
lr: 0.27
r2: 0.15424716340556266
lr: 0.22
r2: 0.15425470003085884
lr: 0.37
r2: 0.15426162809926758
lr: 0.44
r2: 0.15427144587446295
lr: 0.22
r2: 0.15427692039467622
lr: 0.47000000000000003
r2: 0.15429113070923772
lr: 0.34
r2: 0.15429792249748098
lr: 0
r2: 0.15429792249748098
lr: 0.52
r2: 0.1543078902808076
lr: 0.04
r2: 0.15430823852980013
lr: 0.33
r2: 0.15431503519101508
lr: 0.21
r2: 0.15431774830183298
lr: 0.42
r2: 0.15432605565266566
lr: 0.26
r2: 0.15432985369824803
lr: 0.58
r2: 0.1543422971579037
lr: 0.35000000000000003
r2: 0.15434869059100864
lr: 0
r2: 0.15434869059100864
lr: 0.28
r2: 0.1543547294900609
lr: 0.34
r2: 0.15436140030828893
lr: 0.68
r2: 0.15439768076079896
lr: 0.11
r2: 0.15440503756569468
lr: 0.2
r2: 0.15440788367627933
lr: 0.26
r2: 0.15441627297152372
lr: 0.5700000000000001
r2: 0.1544331008900227
lr: 0.18
r2: 0.15443517395862938
lr: 0.05
r2: 0.15443542939210364
lr: 0.13
r2: 0.1544376654711037
lr: 0.2
r2: 0.15443986872419457
lr: 0.36
r2: 0.15444532864121785
lr: 0.45
r2: 0.15445640878215805
lr: 0.01
r2: 0.1544565411135259
lr: 0.36
r2: 0.15446306331129978
lr: 0.29
r2: 0.15447004231969763
lr: 0.35000000000000003
r2: 0.15447746496900583
lr: 0.29
r2: 0.15448655392554234
lr: 0.3
r2: 0.1544913360229404
lr: 0.17
r2: 0.15449507107563365
lr: 0.32
r2: 0.15450101691703177
lr: 0.47000000000000003
r2: 0.15452019544525608
lr: 0
r2: 0.15452019544525608
lr: 0.27
r2: 0.15452597631328246
lr: 0.29
r2: 0.1545315548289996
lr: 0.08
r2: 0.15453325132569462
lr: 0.2
r2: 0.15453546201748913
lr: 0.08
r2: 0.1545359966471619
lr: 0.22
r2: 0.15454054038460896
lr: 0.29
r2: 0.15454584276123007
lr: 0.32
r2: 0.15455006516138325
lr: 0.22
r2: 0.15455226736405947
lr: 0.35000000000000003
r2: 0.15455964668939426
lr: 0.4
r2: 0.1545656139855267
lr: 0.29
r2: 0.15456860416248286
lr: 0.21
r2: 0.1545708870819178
lr: 0.41000000000000003
r2: 0.15457992403393728
lr: 0.42
r2: 0.15459250516446488
lr: 0.17
r2: 0.15459393830510182
lr: 0.02
r2: 0.1545941144461762
lr: 0.47000000000000003
r2: 0.15460531189904403
lr: 0
r2: 0.15460531189904403
lr: 0.14
r2: 0.15460630716293144
lr: 0.06
r2: 0.15460683348647197
lr: 0.05
r2: 0.1546075226703082
lr: 0.51
r2: 0.15462205527496797
lr: 0.1
r2: 0.15462271429154695
lr: 0.15
r2: 0.15462425874792785
lr: 0.36
r2: 0.15463345821322128
lr: 0.31
r2: 0.1546379200525425
lr: 0
r2: 0.1546379200525425
lr: 0.25
r2: 0.154642703324526
lr: 0.03
r2: 0.1546430981138317
lr: 0.13
r2: 0.1546448911964704
lr: 0.45
r2: 0.15465891771452833
lr: 0.22
r2: 0.1546608467838425
lr: 0
r2: 0.1546608467838425
lr: 0.26
r2: 0.15466473881039966
lr: 0.4
r2: 0.15467543906860182
lr: 0.21
r2: 0.15467845495889598
lr: 0.06
r2: 0.15467880797748945
lr: 0
r2: 0.15467880797748945
lr: 0
r2: 0.15467880797748945
lr: 0.06
r2: 0.15467952914965688
lr: 0.3
r2: 0.15468553601592216
lr: 0.45
r2: 0.1546943406461554
lr: 0
r2: 0.1546943406461554
lr: 0.1
r2: 0.15469571933397175
lr: 0.48
r2: 0.1547116285420279
lr: 0.12
r2: 0.15471315249492124
lr: 0.12
r2: 0.15471385018593486
lr: 0.26
r2: 0.1547174536560909
lr: 0.18
r2: 0.15471955755432454
lr: 0.26
r2: 0.15472369272098951
lr: 0.45
r2: 0.15473731418703762
lr: 0
r2: 0.15473731418703762
lr: 0.38
r2: 0.1547443997493444
lr: 0.36
r2: 0.1547517570154503
lr: 0.31
r2: 0.15475595678285314
lr: 0.14
r2: 0.1547572653463628
lr: 0.15
r2: 0.15475939558339802
lr: 0.35000000000000003
r2: 0.15476977379910406
lr: 0.21
r2: 0.15477320440723497
lr: 0
r2: 0.15477320440723497
lr: 0.24
r2: 0.1547759143022268
lr: 0.33
r2: 0.15478821052034697
lr: 0.43
r2: 0.15479734441217896
lr: 0.68
r2: 0.1548265496831217
lr: 0.22
r2: 0.15483131603241607
lr: 0.35000000000000003
r2: 0.15484461794184734
lr: 0.25
r2: 0.15485130271375303
lr: 0.3
r2: 0.15485990696915353
lr: 0.23
r2: 0.15486242627271274
lr: 0.32
r2: 0.15486745955518344
lr: 0.24
r2: 0.15486993346719868
lr: 0.27
r2: 0.15487393976947095
lr: 0.22
r2: 0.15488003172015508
lr: 0.53
r2: 0.15489740855315137
lr: 0.38
r2: 0.15490913933677608
lr: 0.08
r2: 0.15490971661161201
lr: 0.21
r2: 0.15491199545212064
lr: 0.2
r2: 0.15491429087318465
lr: 0.46
r2: 0.15492573987325742
lr: 0.21
r2: 0.15492825388649445
lr: 0.54
r2: 0.1549457157502966
lr: 0.39
r2: 0.15495393236231636
lr: 0.26
r2: 0.15495818373849068
lr: 0.24
r2: 0.15496243259796194
lr: 0.56
r2: 0.15498558630883896
lr: 0.32
r2: 0.15498973259653437
lr: 0.11
r2: 0.154991600312411
lr: 0.39
r2: 0.15500130114817323
lr: 0.13
r2: 0.1550023542114739
lr: 0.22
r2: 0.15500606599443512
lr: 0.4
r2: 0.15501736058366344
lr: 0.25
r2: 0.1550206063881151
lr: 0.15
r2: 0.15502191233834894
lr: 0
r2: 0.15502191233834894
lr: 0.21
r2: 0.15502593744619442
lr: 0.55
r2: 0.15507340694014216
lr: 0.27
r2: 0.15507684754712325
lr: 0.26
r2: 0.15508249747543146
lr: 0.22
r2: 0.1550847177634196
lr: 0.25
r2: 0.15508874455181954
lr: 0.11
r2: 0.1550911855720135
lr: 0.73
r2: 0.15511811121280183
lr: 0.1
r2: 0.15512045980681988
lr: 0
r2: 0.15512045980681988
lr: 0.41000000000000003
r2: 0.15513309543717946
lr: 0.25
r2: 0.15513756591785444
lr: 0.16
r2: 0.15514042139070128
lr: 0.62
r2: 0.15516407060577408
lr: 0.02
r2: 0.15516431520522012
lr: 0.5
r2: 0.15517915127557458
lr: 0.01
r2: 0.15517917810405524
lr: 0.37
r2: 0.15518899357108995
lr: 0
r2: 0.15518899357108995
lr: 0.27
r2: 0.15519192665759007
lr: 0.23
r2: 0.15519446083079969
lr: 0.19
r2: 0.155196634525526
lr: 0.21
r2: 0.1551988682924026
lr: 0.23
r2: 0.15520125586379663
lr: 0.47000000000000003
r2: 0.15521654170058374
lr: 0.06
r2: 0.1552173070162005
lr: 0.11
r2: 0.1552185464412731
lr: 0.16
r2: 0.1552201320036556
lr: 0.13
r2: 0.15522105790622853
lr: 0.17
r2: 0.15522591610884218
lr: 0.23
r2: 0.15523485310755114
lr: 0.16
r2: 0.15523822189130343
lr: 0
r2: 0.15523822189130343
lr: 0.23
r2: 0.1552411100175356
lr: 0.12
r2: 0.15524253434721758
lr: 0.3
r2: 0.15524767242408943
lr: 0.3
r2: 0.1552531280686117
lr: 0.32
r2: 0.15525747490647923
lr: 0.12
r2: 0.1552584249060922
lr: 0.23
r2: 0.15526539390452554
lr: 0.36
r2: 0.15527102210107335
lr: 0.17
r2: 0.15527410166588718
lr: 0
r2: 0.15527410166588718
lr: 0.29
r2: 0.15527903242868457
lr: 0
r2: 0.15527903242868457
lr: 0.17
r2: 0.155282390260303
lr: 0.18
r2: 0.155284647927021
lr: 0.1
r2: 0.15528512959052965
lr: 0.12
r2: 0.15528708360806898
lr: 0.09
r2: 0.15528786593015187
lr: 0
r2: 0.15528786593015187
lr: 0.14
r2: 0.155291672109919
lr: 0.44
r2: 0.15530794187212305
lr: 0.23
r2: 0.15531386667003344
lr: 0.24
r2: 0.15532052395855234
lr: 0.24
r2: 0.15532471048944607
lr: 0.38
r2: 0.1553286943859361
lr: 0.25
r2: 0.15533281718381586
lr: 0
r2: 0.15533281718381586
lr: 0.23
r2: 0.15534013970342142
lr: 0
r2: 0.15534013970342142
lr: 0
r2: 0.15534013970342142
lr: 0.21
r2: 0.155342108393837
lr: 0.34
r2: 0.15535090377533167
lr: 0.48
r2: 0.1553617003752209
lr: 0
r2: 0.1553617003752209
lr: 0.24
r2: 0.15536490047997065
lr: 0
r2: 0.15536490047997065
lr: 0.12
r2: 0.15536529991222592
lr: 0.14
r2: 0.1553661437848075
lr: 0
r2: 0.1553661437848075
lr: 0.24
r2: 0.15536818616493708
lr: 0
r2: 0.15536818616493708
lr: 0
r2: 0.15536818616493708
lr: 0.27
r2: 0.15537341235986446
lr: 0.03
r2: 0.1553735619380977
lr: 0.32
r2: 0.15537902624853395
lr: 0.31
r2: 0.15538524503373385
lr: 0.07
r2: 0.15538590506325212
lr: 0.4
r2: 0.15539592645937572
lr: 0.25
r2: 0.15539905911849639
lr: 0.31
r2: 0.15540608929191801
lr: 0
r2: 0.15540608929191801
lr: 0.31
r2: 0.15540988505997289
lr: 0.16
r2: 0.15541133511362248
lr: 0.1
r2: 0.15541169873911098
lr: 0.16
r2: 0.1554134620728922
lr: 0.15
r2: 0.1554160726896272
lr: 0.15
r2: 0.1554211572387173
lr: 0.32
r2: 0.15542619280214987
lr: 0.3
r2: 0.15543275679845836
lr: 0.08
r2: 0.15543397447973628
lr: 0.3
r2: 0.1554390486935593
lr: 0.06
r2: 0.15543987708796525
lr: 0.34
r2: 0.15544365337631927
lr: 0.01
r2: 0.15544366258529596
lr: 0.42
r2: 0.1554520122974602
lr: 0.21
r2: 0.1554536572497588
lr: 0.03
r2: 0.155453831817993
lr: 0
r2: 0.155453831817993
lr: 0.28
r2: 0.15545865419388716
lr: 0.26
r2: 0.15546140029462197
lr: 0.28
r2: 0.15547068796316932
lr: 0.2
r2: 0.1554729077520861
lr: 0.28
r2: 0.1554769119462377
lr: 0.2
r2: 0.15547946520973777
lr: 0.24
r2: 0.15548226295690104
lr: 0.33
r2: 0.15548792472611273
lr: 0.13
r2: 0.15549090687961875
lr: 0.24
r2: 0.1554942915842672
lr: 0.19
r2: 0.155496751422184
lr: 0.01
r2: 0.15549675430915388
lr: 0.3
r2: 0.15550178981874796
lr: 0.04
r2: 0.15550188274749754
lr: 0.31
r2: 0.1555139169155414
lr: 0.3
r2: 0.15551832495484208
lr: 0.33
r2: 0.15552473323281257
lr: 0.24
r2: 0.15553138260538923
lr: 0.09
r2: 0.15553188839072762
lr: 0.18
r2: 0.1555348751027097
lr: 0.15
r2: 0.1555362137499655
lr: 0.38
r2: 0.155543649928635
lr: 0.38
r2: 0.1555502510981862
lr: 0.21
r2: 0.1555518556645854
lr: 0.34
r2: 0.15555996676373152
lr: 0.09
r2: 0.15556054919703277
lr: 0.29
r2: 0.15556366884831152
lr: 0.01
r2: 0.15556371504652666
lr: 0
r2: 0.15556371504652666
lr: 0.07
r2: 0.15556511300971743
lr: 0.29
r2: 0.15557087468303177
lr: 0.19
r2: 0.1555729311379097
lr: 0.25
r2: 0.15557641811064127
lr: 0.07
r2: 0.15557736203298977
lr: 0.3
r2: 0.15558489506509643
lr: 0.05
r2: 0.15558527205447292
lr: 0
r2: 0.15558527205447292
lr: 0
r2: 0.15558527205447292
lr: 0
r2: 0.15558527205447292
lr: 0.26
r2: 0.1555889775210808
lr: 0.2
r2: 0.15559131322299735
lr: 0.28
r2: 0.1555963715540909
lr: 0
r2: 0.1555963715540909
lr: 0.28
r2: 0.1556007226635916
lr: 0.35000000000000003
r2: 0.15560425760946117
lr: 0.07
r2: 0.15560467979280335
lr: 0.2
r2: 0.15560805381430887
lr: 0.02
r2: 0.1556080837602145
lr: 0.26
r2: 0.15562162055652384
lr: 0.21
r2: 0.15562375674324325
lr: 0.19
r2: 0.15562616337741342
lr: 0
r2: 0.15562616337741342
lr: 0.03
r2: 0.15562634675971676
lr: 0.22
r2: 0.15562997598168216
lr: 0.19
r2: 0.1556328649697155
lr: 0.31
r2: 0.15564184219333943
lr: 0.12
r2: 0.15564242362467817
lr: 0.18
r2: 0.15564390123100236
lr: 0
r2: 0.15564390123100236
lr: 0.11
r2: 0.1556443973146706
lr: 0.23
r2: 0.15564752163829065
lr: 0.28
r2: 0.1556512797345957
lr: 0.18
r2: 0.1556613315869757
lr: 0.13
r2: 0.15566463007320797
lr: 0.67
r2: 0.1556910461837847
lr: 0
r2: 0.1556910461837847
lr: 0.36
r2: 0.15569857010934496
lr: 0.27
r2: 0.15572677108053445
lr: 0
r2: 0.15572677108053445
lr: 0.23
r2: 0.15572965803898398
lr: 0.15
r2: 0.1557317245548292
lr: 0.23
r2: 0.15573433536314818
lr: 0.09
r2: 0.1557352076173888
lr: 0.27
r2: 0.15573947295697388
lr: 0.28
r2: 0.15574280084096903
lr: 0.39
r2: 0.155748640484483
lr: 0.23
r2: 0.155751138085517
lr: 0.22
r2: 0.15575445483870143
lr: 0.23
r2: 0.15575930982318764
lr: 0.15
r2: 0.15576084148223257
lr: 0.27
r2: 0.15576417976900814
lr: 0.2
r2: 0.15576736429626592
lr: 0.16
r2: 0.15576916361684434
